<?xml version="1.0" encoding="UTF-8"?>
<!-- Generated by org.testng.reporters.JUnitXMLReporter -->
<testsuite hostname="CHETUIWK080" name="Test" tests="2" failures="1" timestamp="27 Sep 2018 09:41:05 GMT" time="56.669" errors="0">
  <testcase name="TC_001" time="30.193" classname="test.LoginPageTest"/>
  <testcase name="TC_001" time="12.308" classname="test.RegisterTest">
    <failure type="java.lang.NullPointerException">
      <![CDATA[java.lang.NullPointerException
	at pageobjects.Register.Sign_Up(Register.java:50)
	at test.RegisterTest.TC_001(RegisterTest.java:15)
... Removed 24 stack frames]]>
    </failure>
  </testcase> <!-- TC_001 -->
</testsuite> <!-- Test -->
